
**** Build of configuration Debug for project Scara-V0.0 ****

"C:\\ti\\ccsv7\\utils\\bin\\gmake" -k -j 4 all -O 
 
'Building file: "../source/HL_sys_main.c"'
'Invoking: ARM Compiler'
"C:/ti/ccsv7/tools/compiler/ti-cgt-arm_18.1.1.LTS/bin/armcl" -mv7R5 --code_state=32 --float_support=VFPv3D16 -me --include_path="C:/Users/campregher99/Documents/gio/Scara-V0.0" --include_path="C:/Users/campregher99/Documents/gio/Scara-V0.0/include" --include_path="C:/ti/ccsv7/tools/compiler/ti-cgt-arm_18.1.1.LTS/include" -g --diag_warning=225 --diag_wrap=off --display_error_number --enum_type=packed --abi=eabi --preproc_with_compile --preproc_dependency="source/HL_sys_main.d_raw" --obj_directory="source"  "../source/HL_sys_main.c"
"C:/Users/campregher99/Documents/gio/Scara-V0.0/source/motion", line 8: warning #225-D: function "Max" declared implicitly
"C:/Users/campregher99/Documents/gio/Scara-V0.0/source/motion", line 45: warning #225-D: function "Max" declared implicitly
"C:/Users/campregher99/Documents/gio/Scara-V0.0/source/motion", line 86: warning #1-D: last line of file ends without a newline
"C:/Users/campregher99/Documents/gio/Scara-V0.0/source/comunication", line 7: warning #515-D: a value of type "char *" cannot be assigned to an entity of type "char"
"C:/Users/campregher99/Documents/gio/Scara-V0.0/source/comunication", line 9: warning #515-D: a value of type "char *" cannot be assigned to an entity of type "char"
"C:/Users/campregher99/Documents/gio/Scara-V0.0/source/comunication", line 11: warning #515-D: a value of type "char *" cannot be assigned to an entity of type "char"
"C:/Users/campregher99/Documents/gio/Scara-V0.0/source/comunication", line 13: warning #515-D: a value of type "char *" cannot be assigned to an entity of type "char"
"C:/Users/campregher99/Documents/gio/Scara-V0.0/source/comunication", line 15: warning #515-D: a value of type "char *" cannot be assigned to an entity of type "char"
"C:/Users/campregher99/Documents/gio/Scara-V0.0/source/comunication", line 17: warning #515-D: a value of type "char *" cannot be assigned to an entity of type "char"
"C:/Users/campregher99/Documents/gio/Scara-V0.0/source/comunication", line 19: warning #515-D: a value of type "char *" cannot be assigned to an entity of type "char"
"C:/Users/campregher99/Documents/gio/Scara-V0.0/source/comunication", line 24: warning #43-D: operand types are incompatible ("uint32" and "char *")
"C:/Users/campregher99/Documents/gio/Scara-V0.0/source/comunication", line 25: warning #43-D: operand types are incompatible ("uint32" and "char *")
"C:/Users/campregher99/Documents/gio/Scara-V0.0/source/comunication", line 31: warning #112-D: statement is unreachable
"C:/Users/campregher99/Documents/gio/Scara-V0.0/source/comunication", line 41: warning #43-D: operand types are incompatible ("char" and "char *")
"C:/Users/campregher99/Documents/gio/Scara-V0.0/source/comunication", line 45: warning #515-D: a value of type "char *" cannot be assigned to an entity of type "int"
"C:/Users/campregher99/Documents/gio/Scara-V0.0/source/comunication", line 51: warning #43-D: operand types are incompatible ("char" and "char *")
"C:/Users/campregher99/Documents/gio/Scara-V0.0/source/comunication", line 55: warning #1-D: last line of file ends without a newline
'Finished building: "../source/HL_sys_main.c"'
 
'Building target: "Scara-V0.0.out"'
'Invoking: ARM Linker'
"C:/ti/ccsv7/tools/compiler/ti-cgt-arm_18.1.1.LTS/bin/armcl" -mv7R5 --code_state=32 --float_support=VFPv3D16 -me -g --diag_warning=225 --diag_wrap=off --display_error_number --enum_type=packed --abi=eabi -z -m"Scara-V0.0.map" --heap_size=0x800 --stack_size=0x800 -i"C:/ti/ccsv7/tools/compiler/ti-cgt-arm_18.1.1.LTS/lib" -i"C:/ti/ccsv7/tools/compiler/ti-cgt-arm_18.1.1.LTS/include" --reread_libs --diag_wrap=off --display_error_number --warn_sections --xml_link_info="Scara-V0.0_linkInfo.xml" --rom_model -o "Scara-V0.0.out" "./source/HL_epc.obj" "./source/HL_eqep.obj" "./source/HL_errata.obj" "./source/HL_esm.obj" "./source/HL_gio.obj" "./source/HL_nmpu.obj" "./source/HL_notification.obj" "./source/HL_pinmux.obj" "./source/HL_rti.obj" "./source/HL_sci.obj" "./source/HL_spi.obj" "./source/HL_sys_core.obj" "./source/HL_sys_dma.obj" "./source/HL_sys_intvecs.obj" "./source/HL_sys_main.obj" "./source/HL_sys_mpu.obj" "./source/HL_sys_pcr.obj" "./source/HL_sys_phantom.obj" "./source/HL_sys_pmm.obj" "./source/HL_sys_pmu.obj" "./source/HL_sys_startup.obj" "./source/HL_sys_vim.obj" "./source/HL_system.obj" "../source/HL_sys_link.cmd"  -llibc.a 
<Linking>
'Finished building target: "Scara-V0.0.out"'
 

**** Build Finished ****
