
**** Build of configuration Debug for project switch ****

"C:\\ti\\ccsv7\\utils\\bin\\gmake" -k -j 4 all -O 
 
'Building file: "../source/HL_sys_main.c"'
'Invoking: ARM Compiler'
"C:/ti/ccsv7/tools/compiler/ti-cgt-arm_18.1.0.LTS/bin/armcl" -mv7R5 --code_state=32 --float_support=VFPv3D16 -me --include_path="C:/Users/campregher99/Documents/gio/switch" --include_path="C:/Users/campregher99/Documents/gio/switch/include" --include_path="C:/ti/ccsv7/tools/compiler/ti-cgt-arm_18.1.0.LTS/include" -g --diag_warning=225 --diag_wrap=off --display_error_number --enum_type=packed --abi=eabi --preproc_with_compile --preproc_dependency="source/HL_sys_main.d_raw" --obj_directory="source"  "../source/HL_sys_main.c"
'Finished building: "../source/HL_sys_main.c"'
 
'Building target: "switch.out"'
'Invoking: ARM Linker'
"C:/ti/ccsv7/tools/compiler/ti-cgt-arm_18.1.0.LTS/bin/armcl" -mv7R5 --code_state=32 --float_support=VFPv3D16 -me -g --diag_warning=225 --diag_wrap=off --display_error_number --enum_type=packed --abi=eabi -z -m"switch.map" --heap_size=0x800 --stack_size=0x800 -i"C:/ti/ccsv7/tools/compiler/ti-cgt-arm_18.1.0.LTS/lib" -i"C:/ti/ccsv7/tools/compiler/ti-cgt-arm_18.1.0.LTS/include" --reread_libs --diag_wrap=off --display_error_number --warn_sections --xml_link_info="switch_linkInfo.xml" --rom_model -o "switch.out" "./source/HL_epc.obj" "./source/HL_errata.obj" "./source/HL_esm.obj" "./source/HL_gio.obj" "./source/HL_nmpu.obj" "./source/HL_notification.obj" "./source/HL_pinmux.obj" "./source/HL_sys_core.obj" "./source/HL_sys_dma.obj" "./source/HL_sys_intvecs.obj" "./source/HL_sys_main.obj" "./source/HL_sys_mpu.obj" "./source/HL_sys_pcr.obj" "./source/HL_sys_phantom.obj" "./source/HL_sys_pmm.obj" "./source/HL_sys_pmu.obj" "./source/HL_sys_startup.obj" "./source/HL_sys_vim.obj" "./source/HL_system.obj" "../source/HL_sys_link.cmd"  -llibc.a 
<Linking>

 undefined first referenced        
  symbol       in file             
 --------- ----------------        
 rtiInit   ./source/HL_sys_main.obj

error #10234-D: unresolved symbols remain
error #10010: errors encountered during linking; "switch.out" not built

>> Compilation failure
makefile:159: recipe for target 'switch.out' failed
gmake[1]: *** [switch.out] Error 1
makefile:155: recipe for target 'all' failed
gmake: *** [all] Error 2

**** Build Finished ****
